<?xml version="1.0" encoding="UTF-8"?>
<coverage generated="1763647257335" clover="3.2.0">
  <project timestamp="1763647257335" name="All files">
    <metrics statements="210" coveredstatements="176" conditionals="92" coveredconditionals="66" methods="46" coveredmethods="44" elements="348" coveredelements="286" complexity="0" loc="210" ncloc="210" packages="1" files="2" classes="2"/>
    <file name="app.js" path="/Users/kubi/Cursorfiles/DemoApps/faq-tool/src/app.js">
      <metrics statements="175" coveredstatements="151" conditionals="76" coveredconditionals="58" methods="32" coveredmethods="30"/>
      <line num="1" count="2" type="stmt"/>
      <line num="2" count="2" type="stmt"/>
      <line num="3" count="2" type="stmt"/>
      <line num="4" count="2" type="stmt"/>
      <line num="5" count="2" type="stmt"/>
      <line num="6" count="2" type="stmt"/>
      <line num="8" count="2" type="stmt"/>
      <line num="14" count="2" type="stmt"/>
      <line num="15" count="2" type="stmt"/>
      <line num="16" count="2" type="stmt"/>
      <line num="24" count="2" type="stmt"/>
      <line num="25" count="2" type="stmt"/>
      <line num="28" count="2" type="stmt"/>
      <line num="34" count="60" type="cond" truecount="4" falsecount="0"/>
      <line num="35" count="55" type="stmt"/>
      <line num="37" count="5" type="stmt"/>
      <line num="46" count="2" type="stmt"/>
      <line num="47" count="36" type="stmt"/>
      <line num="48" count="36" type="stmt"/>
      <line num="50" count="36" type="stmt"/>
      <line num="51" count="36" type="cond" truecount="1" falsecount="1"/>
      <line num="52" count="0" type="stmt"/>
      <line num="55" count="36" type="cond" truecount="2" falsecount="0"/>
      <line num="56" count="35" type="stmt"/>
      <line num="57" count="35" type="stmt"/>
      <line num="58" count="35" type="stmt"/>
      <line num="59" count="35" type="stmt"/>
      <line num="62" count="1" type="stmt"/>
      <line num="65" count="1" type="cond" truecount="1" falsecount="1"/>
      <line num="66" count="0" type="stmt"/>
      <line num="68" count="1" type="stmt"/>
      <line num="69" count="1" type="stmt"/>
      <line num="70" count="1" type="stmt"/>
      <line num="71" count="1" type="stmt"/>
      <line num="79" count="2" type="stmt"/>
      <line num="80" count="1" type="stmt"/>
      <line num="81" count="1" type="stmt"/>
      <line num="89" count="2" type="stmt"/>
      <line num="90" count="41" type="stmt"/>
      <line num="91" count="41" type="stmt"/>
      <line num="94" count="41" type="cond" truecount="5" falsecount="0"/>
      <line num="95" count="4" type="stmt"/>
      <line num="99" count="37" type="cond" truecount="2" falsecount="0"/>
      <line num="101" count="37" type="stmt"/>
      <line num="105" count="37" type="cond" truecount="1" falsecount="1"/>
      <line num="106" count="0" type="stmt"/>
      <line num="110" count="37" type="stmt"/>
      <line num="111" count="37" type="cond" truecount="1" falsecount="1"/>
      <line num="112" count="0" type="stmt"/>
      <line num="114" count="37" type="stmt"/>
      <line num="124" count="2" type="stmt"/>
      <line num="125" count="7" type="stmt"/>
      <line num="126" count="7" type="stmt"/>
      <line num="127" count="7" type="stmt"/>
      <line num="130" count="7" type="stmt"/>
      <line num="131" count="7" type="stmt"/>
      <line num="133" count="7" type="cond" truecount="2" falsecount="0"/>
      <line num="134" count="2" type="stmt"/>
      <line num="135" count="2" type="stmt"/>
      <line num="137" count="7" type="cond" truecount="2" falsecount="0"/>
      <line num="138" count="2" type="stmt"/>
      <line num="139" count="2" type="stmt"/>
      <line num="141" count="7" type="cond" truecount="2" falsecount="0"/>
      <line num="142" count="3" type="stmt"/>
      <line num="143" count="3" type="stmt"/>
      <line num="145" count="7" type="cond" truecount="2" falsecount="0"/>
      <line num="146" count="2" type="stmt"/>
      <line num="147" count="2" type="stmt"/>
      <line num="150" count="7" type="cond" truecount="2" falsecount="0"/>
      <line num="151" count="1" type="stmt"/>
      <line num="154" count="6" type="stmt"/>
      <line num="155" count="6" type="stmt"/>
      <line num="157" count="6" type="stmt"/>
      <line num="159" count="6" type="stmt"/>
      <line num="160" count="6" type="cond" truecount="1" falsecount="1"/>
      <line num="161" count="0" type="stmt"/>
      <line num="164" count="6" type="cond" truecount="2" falsecount="0"/>
      <line num="165" count="1" type="stmt"/>
      <line num="169" count="5" type="stmt"/>
      <line num="170" count="5" type="cond" truecount="1" falsecount="1"/>
      <line num="171" count="0" type="stmt"/>
      <line num="173" count="5" type="stmt"/>
      <line num="182" count="2" type="stmt"/>
      <line num="183" count="2" type="stmt"/>
      <line num="184" count="2" type="stmt"/>
      <line num="186" count="2" type="stmt"/>
      <line num="187" count="2" type="cond" truecount="1" falsecount="1"/>
      <line num="188" count="0" type="stmt"/>
      <line num="191" count="2" type="cond" truecount="2" falsecount="0"/>
      <line num="192" count="1" type="stmt"/>
      <line num="195" count="1" type="stmt"/>
      <line num="204" count="2" type="stmt"/>
      <line num="205" count="9" type="stmt"/>
      <line num="206" count="9" type="stmt"/>
      <line num="208" count="9" type="stmt"/>
      <line num="209" count="9" type="stmt"/>
      <line num="210" count="9" type="stmt"/>
      <line num="213" count="9" type="cond" truecount="2" falsecount="0"/>
      <line num="214" count="2" type="stmt"/>
      <line num="215" count="2" type="stmt"/>
      <line num="219" count="9" type="cond" truecount="2" falsecount="0"/>
      <line num="220" count="7" type="stmt"/>
      <line num="221" count="7" type="stmt"/>
      <line num="222" count="7" type="stmt"/>
      <line num="225" count="9" type="cond" truecount="2" falsecount="0"/>
      <line num="226" count="8" type="stmt"/>
      <line num="229" count="9" type="stmt"/>
      <line num="231" count="9" type="stmt"/>
      <line num="232" count="9" type="cond" truecount="1" falsecount="1"/>
      <line num="233" count="0" type="stmt"/>
      <line num="235" count="9" type="stmt"/>
      <line num="240" count="2" type="stmt"/>
      <line num="241" count="4" type="stmt"/>
      <line num="242" count="4" type="stmt"/>
      <line num="244" count="4" type="stmt"/>
      <line num="245" count="4" type="cond" truecount="1" falsecount="1"/>
      <line num="246" count="0" type="stmt"/>
      <line num="249" count="4" type="cond" truecount="2" falsecount="0"/>
      <line num="250" count="2" type="stmt"/>
      <line num="253" count="2" type="stmt"/>
      <line num="258" count="2" type="stmt"/>
      <line num="259" count="8" type="stmt"/>
      <line num="260" count="8" type="stmt"/>
      <line num="263" count="8" type="stmt"/>
      <line num="267" count="8" type="cond" truecount="1" falsecount="1"/>
      <line num="268" count="0" type="stmt"/>
      <line num="271" count="8" type="cond" truecount="2" falsecount="0"/>
      <line num="272" count="1" type="stmt"/>
      <line num="276" count="7" type="stmt"/>
      <line num="277" count="7" type="cond" truecount="1" falsecount="1"/>
      <line num="278" count="0" type="stmt"/>
      <line num="281" count="7" type="stmt"/>
      <line num="282" count="7" type="cond" truecount="4" falsecount="0"/>
      <line num="284" count="7" type="stmt"/>
      <line num="294" count="2" type="stmt"/>
      <line num="295" count="3" type="stmt"/>
      <line num="297" count="3" type="stmt"/>
      <line num="301" count="3" type="cond" truecount="1" falsecount="1"/>
      <line num="302" count="0" type="stmt"/>
      <line num="304" count="3" type="stmt"/>
      <line num="314" count="2" type="stmt"/>
      <line num="315" count="4" type="stmt"/>
      <line num="317" count="4" type="stmt"/>
      <line num="318" count="4" type="cond" truecount="1" falsecount="1"/>
      <line num="319" count="0" type="stmt"/>
      <line num="323" count="4" type="stmt"/>
      <line num="328" count="4" type="stmt"/>
      <line num="329" count="4" type="stmt"/>
      <line num="330" count="4" type="stmt"/>
      <line num="339" count="2" type="stmt"/>
      <line num="340" count="3" type="stmt"/>
      <line num="343" count="3" type="stmt"/>
      <line num="347" count="3" type="cond" truecount="1" falsecount="1"/>
      <line num="348" count="0" type="stmt"/>
      <line num="352" count="3" type="stmt"/>
      <line num="356" count="3" type="cond" truecount="1" falsecount="1"/>
      <line num="357" count="0" type="stmt"/>
      <line num="360" count="3" type="stmt"/>
      <line num="362" count="2" type="stmt"/>
      <line num="372" count="2" type="stmt"/>
      <line num="373" count="1" type="stmt"/>
      <line num="375" count="1" type="stmt"/>
      <line num="376" count="1" type="cond" truecount="1" falsecount="1"/>
      <line num="377" count="0" type="stmt"/>
      <line num="380" count="1" type="stmt"/>
      <line num="391" count="0" type="stmt"/>
      <line num="392" count="0" type="stmt"/>
      <line num="393" count="0" type="stmt"/>
      <line num="394" count="0" type="stmt"/>
      <line num="396" count="0" type="stmt"/>
      <line num="398" count="0" type="stmt"/>
      <line num="399" count="0" type="stmt"/>
      <line num="404" count="2" type="stmt"/>
      <line num="407" count="2" type="cond" truecount="1" falsecount="1"/>
      <line num="408" count="0" type="stmt"/>
    </file>
    <file name="database.js" path="/Users/kubi/Cursorfiles/DemoApps/faq-tool/src/database.js">
      <metrics statements="35" coveredstatements="25" conditionals="16" coveredconditionals="8" methods="14" coveredmethods="14"/>
      <line num="1" count="2" type="stmt"/>
      <line num="2" count="2" type="stmt"/>
      <line num="10" count="2" type="cond" truecount="1" falsecount="1"/>
      <line num="21" count="2" type="stmt"/>
      <line num="22" count="2" type="stmt"/>
      <line num="23" count="2" type="cond" truecount="1" falsecount="1"/>
      <line num="24" count="0" type="stmt"/>
      <line num="25" count="0" type="stmt"/>
      <line num="29" count="2" type="stmt"/>
      <line num="41" count="2" type="cond" truecount="1" falsecount="1"/>
      <line num="42" count="0" type="stmt"/>
      <line num="43" count="0" type="stmt"/>
      <line num="47" count="2" type="stmt"/>
      <line num="55" count="2" type="cond" truecount="1" falsecount="1"/>
      <line num="56" count="0" type="stmt"/>
      <line num="57" count="0" type="stmt"/>
      <line num="61" count="2" type="stmt"/>
      <line num="65" count="2" type="cond" truecount="1" falsecount="1"/>
      <line num="66" count="0" type="stmt"/>
      <line num="68" count="2" type="stmt"/>
      <line num="82" count="133" type="stmt"/>
      <line num="90" count="2" type="stmt"/>
      <line num="91" count="2" type="cond" truecount="1" falsecount="1"/>
      <line num="92" count="2" type="stmt"/>
      <line num="93" count="2" type="cond" truecount="1" falsecount="1"/>
      <line num="94" count="0" type="stmt"/>
      <line num="96" count="2" type="stmt"/>
      <line num="100" count="0" type="stmt"/>
      <line num="110" count="46" type="stmt"/>
      <line num="111" count="46" type="stmt"/>
      <line num="112" count="46" type="cond" truecount="1" falsecount="1"/>
      <line num="113" count="0" type="stmt"/>
      <line num="116" count="46" type="stmt"/>
      <line num="117" count="46" type="stmt"/>
      <line num="124" count="2" type="stmt"/>
    </file>
  </project>
</coverage>
