{"/Users/kubi/Cursorfiles/DemoApps/faq-tool/src/app.js": {"path":"/Users/kubi/Cursorfiles/DemoApps/faq-tool/src/app.js","statementMap":{"0":{"start":{"line":1,"column":16},"end":{"line":1,"column":34}},"1":{"start":{"line":2,"column":19},"end":{"line":2,"column":41}},"2":{"start":{"line":3,"column":16},"end":{"line":3,"column":42}},"3":{"start":{"line":4,"column":13},"end":{"line":4,"column":28}},"4":{"start":{"line":5,"column":38},"end":{"line":5,"column":59}},"5":{"start":{"line":6,"column":22},"end":{"line":6,"column":51}},"6":{"start":{"line":8,"column":12},"end":{"line":8,"column":21}},"7":{"start":{"line":14,"column":0},"end":{"line":14,"column":27}},"8":{"start":{"line":15,"column":0},"end":{"line":15,"column":51}},"9":{"start":{"line":16,"column":0},"end":{"line":21,"column":4}},"10":{"start":{"line":24,"column":0},"end":{"line":24,"column":30}},"11":{"start":{"line":25,"column":0},"end":{"line":25,"column":48}},"12":{"start":{"line":28,"column":0},"end":{"line":28,"column":56}},"13":{"start":{"line":34,"column":2},"end":{"line":38,"column":3}},"14":{"start":{"line":35,"column":4},"end":{"line":35,"column":11}},"15":{"start":{"line":37,"column":4},"end":{"line":37,"column":71}},"16":{"start":{"line":46,"column":0},"end":{"line":76,"column":3}},"17":{"start":{"line":47,"column":23},"end":{"line":47,"column":31}},"18":{"start":{"line":48,"column":13},"end":{"line":48,"column":26}},"19":{"start":{"line":50,"column":2},"end":{"line":75,"column":5}},"20":{"start":{"line":51,"column":4},"end":{"line":53,"column":5}},"21":{"start":{"line":52,"column":6},"end":{"line":52,"column":64}},"22":{"start":{"line":55,"column":4},"end":{"line":74,"column":5}},"23":{"start":{"line":56,"column":6},"end":{"line":56,"column":35}},"24":{"start":{"line":57,"column":6},"end":{"line":57,"column":43}},"25":{"start":{"line":58,"column":6},"end":{"line":58,"column":37}},"26":{"start":{"line":59,"column":6},"end":{"line":59,"column":53}},"27":{"start":{"line":62,"column":6},"end":{"line":73,"column":8}},"28":{"start":{"line":65,"column":10},"end":{"line":67,"column":11}},"29":{"start":{"line":66,"column":12},"end":{"line":66,"column":70}},"30":{"start":{"line":68,"column":10},"end":{"line":68,"column":43}},"31":{"start":{"line":69,"column":10},"end":{"line":69,"column":42}},"32":{"start":{"line":70,"column":10},"end":{"line":70,"column":37}},"33":{"start":{"line":71,"column":10},"end":{"line":71,"column":53}},"34":{"start":{"line":79,"column":0},"end":{"line":82,"column":3}},"35":{"start":{"line":80,"column":2},"end":{"line":80,"column":24}},"36":{"start":{"line":81,"column":2},"end":{"line":81,"column":20}},"37":{"start":{"line":89,"column":0},"end":{"line":121,"column":3}},"38":{"start":{"line":90,"column":45},"end":{"line":90,"column":53}},"39":{"start":{"line":91,"column":13},"end":{"line":91,"column":26}},"40":{"start":{"line":94,"column":2},"end":{"line":96,"column":3}},"41":{"start":{"line":95,"column":4},"end":{"line":95,"column":92}},"42":{"start":{"line":99,"column":21},"end":{"line":99,"column":31}},"43":{"start":{"line":101,"column":2},"end":{"line":120,"column":4}},"44":{"start":{"line":105,"column":6},"end":{"line":107,"column":7}},"45":{"start":{"line":106,"column":8},"end":{"line":106,"column":66}},"46":{"start":{"line":110,"column":6},"end":{"line":118,"column":9}},"47":{"start":{"line":111,"column":8},"end":{"line":113,"column":9}},"48":{"start":{"line":112,"column":10},"end":{"line":112,"column":68}},"49":{"start":{"line":114,"column":8},"end":{"line":117,"column":11}},"50":{"start":{"line":124,"column":0},"end":{"line":179,"column":3}},"51":{"start":{"line":125,"column":17},"end":{"line":125,"column":27}},"52":{"start":{"line":126,"column":45},"end":{"line":126,"column":53}},"53":{"start":{"line":127,"column":13},"end":{"line":127,"column":26}},"54":{"start":{"line":130,"column":18},"end":{"line":130,"column":20}},"55":{"start":{"line":131,"column":17},"end":{"line":131,"column":19}},"56":{"start":{"line":133,"column":2},"end":{"line":136,"column":3}},"57":{"start":{"line":134,"column":4},"end":{"line":134,"column":30}},"58":{"start":{"line":135,"column":4},"end":{"line":135,"column":23}},"59":{"start":{"line":137,"column":2},"end":{"line":140,"column":3}},"60":{"start":{"line":138,"column":4},"end":{"line":138,"column":34}},"61":{"start":{"line":139,"column":4},"end":{"line":139,"column":27}},"62":{"start":{"line":141,"column":2},"end":{"line":144,"column":3}},"63":{"start":{"line":142,"column":4},"end":{"line":142,"column":31}},"64":{"start":{"line":143,"column":4},"end":{"line":143,"column":24}},"65":{"start":{"line":145,"column":2},"end":{"line":148,"column":3}},"66":{"start":{"line":146,"column":4},"end":{"line":146,"column":29}},"67":{"start":{"line":147,"column":4},"end":{"line":147,"column":22}},"68":{"start":{"line":150,"column":2},"end":{"line":152,"column":3}},"69":{"start":{"line":151,"column":4},"end":{"line":151,"column":87}},"70":{"start":{"line":154,"column":2},"end":{"line":154,"column":54}},"71":{"start":{"line":155,"column":2},"end":{"line":155,"column":18}},"72":{"start":{"line":157,"column":16},"end":{"line":157,"column":68}},"73":{"start":{"line":159,"column":2},"end":{"line":178,"column":5}},"74":{"start":{"line":160,"column":4},"end":{"line":162,"column":5}},"75":{"start":{"line":161,"column":6},"end":{"line":161,"column":64}},"76":{"start":{"line":164,"column":4},"end":{"line":166,"column":5}},"77":{"start":{"line":165,"column":6},"end":{"line":165,"column":67}},"78":{"start":{"line":169,"column":4},"end":{"line":177,"column":7}},"79":{"start":{"line":170,"column":6},"end":{"line":172,"column":7}},"80":{"start":{"line":171,"column":8},"end":{"line":171,"column":66}},"81":{"start":{"line":173,"column":6},"end":{"line":176,"column":9}},"82":{"start":{"line":182,"column":0},"end":{"line":197,"column":3}},"83":{"start":{"line":183,"column":17},"end":{"line":183,"column":27}},"84":{"start":{"line":184,"column":13},"end":{"line":184,"column":26}},"85":{"start":{"line":186,"column":2},"end":{"line":196,"column":5}},"86":{"start":{"line":187,"column":4},"end":{"line":189,"column":5}},"87":{"start":{"line":188,"column":6},"end":{"line":188,"column":64}},"88":{"start":{"line":191,"column":4},"end":{"line":193,"column":5}},"89":{"start":{"line":192,"column":6},"end":{"line":192,"column":67}},"90":{"start":{"line":195,"column":4},"end":{"line":195,"column":42}},"91":{"start":{"line":204,"column":0},"end":{"line":237,"column":3}},"92":{"start":{"line":205,"column":31},"end":{"line":205,"column":40}},"93":{"start":{"line":206,"column":13},"end":{"line":206,"column":26}},"94":{"start":{"line":208,"column":14},"end":{"line":208,"column":34}},"95":{"start":{"line":209,"column":17},"end":{"line":209,"column":19}},"96":{"start":{"line":210,"column":21},"end":{"line":210,"column":23}},"97":{"start":{"line":213,"column":2},"end":{"line":216,"column":3}},"98":{"start":{"line":214,"column":4},"end":{"line":214,"column":37}},"99":{"start":{"line":215,"column":4},"end":{"line":215,"column":27}},"100":{"start":{"line":219,"column":2},"end":{"line":223,"column":3}},"101":{"start":{"line":220,"column":4},"end":{"line":220,"column":70}},"102":{"start":{"line":221,"column":26},"end":{"line":221,"column":38}},"103":{"start":{"line":222,"column":4},"end":{"line":222,"column":61}},"104":{"start":{"line":225,"column":2},"end":{"line":227,"column":3}},"105":{"start":{"line":226,"column":4},"end":{"line":226,"column":50}},"106":{"start":{"line":229,"column":2},"end":{"line":229,"column":63}},"107":{"start":{"line":231,"column":2},"end":{"line":236,"column":5}},"108":{"start":{"line":232,"column":4},"end":{"line":234,"column":5}},"109":{"start":{"line":233,"column":6},"end":{"line":233,"column":64}},"110":{"start":{"line":235,"column":4},"end":{"line":235,"column":19}},"111":{"start":{"line":240,"column":0},"end":{"line":255,"column":3}},"112":{"start":{"line":241,"column":17},"end":{"line":241,"column":27}},"113":{"start":{"line":242,"column":13},"end":{"line":242,"column":26}},"114":{"start":{"line":244,"column":2},"end":{"line":254,"column":5}},"115":{"start":{"line":245,"column":4},"end":{"line":247,"column":5}},"116":{"start":{"line":246,"column":6},"end":{"line":246,"column":64}},"117":{"start":{"line":249,"column":4},"end":{"line":251,"column":5}},"118":{"start":{"line":250,"column":6},"end":{"line":250,"column":67}},"119":{"start":{"line":253,"column":4},"end":{"line":253,"column":18}},"120":{"start":{"line":258,"column":0},"end":{"line":291,"column":3}},"121":{"start":{"line":259,"column":17},"end":{"line":259,"column":27}},"122":{"start":{"line":260,"column":13},"end":{"line":260,"column":26}},"123":{"start":{"line":263,"column":2},"end":{"line":290,"column":4}},"124":{"start":{"line":267,"column":6},"end":{"line":269,"column":7}},"125":{"start":{"line":268,"column":8},"end":{"line":268,"column":66}},"126":{"start":{"line":271,"column":6},"end":{"line":273,"column":7}},"127":{"start":{"line":272,"column":8},"end":{"line":272,"column":69}},"128":{"start":{"line":276,"column":6},"end":{"line":288,"column":9}},"129":{"start":{"line":277,"column":8},"end":{"line":279,"column":9}},"130":{"start":{"line":278,"column":10},"end":{"line":278,"column":68}},"131":{"start":{"line":281,"column":23},"end":{"line":281,"column":43}},"132":{"start":{"line":282,"column":24},"end":{"line":282,"column":119}},"133":{"start":{"line":284,"column":8},"end":{"line":287,"column":11}},"134":{"start":{"line":294,"column":0},"end":{"line":307,"column":3}},"135":{"start":{"line":295,"column":13},"end":{"line":295,"column":26}},"136":{"start":{"line":297,"column":2},"end":{"line":306,"column":4}},"137":{"start":{"line":301,"column":6},"end":{"line":303,"column":7}},"138":{"start":{"line":302,"column":8},"end":{"line":302,"column":66}},"139":{"start":{"line":304,"column":6},"end":{"line":304,"column":21}},"140":{"start":{"line":314,"column":0},"end":{"line":332,"column":3}},"141":{"start":{"line":315,"column":13},"end":{"line":315,"column":26}},"142":{"start":{"line":317,"column":2},"end":{"line":331,"column":5}},"143":{"start":{"line":318,"column":4},"end":{"line":320,"column":5}},"144":{"start":{"line":319,"column":6},"end":{"line":319,"column":64}},"145":{"start":{"line":323,"column":16},"end":{"line":326,"column":6}},"146":{"start":{"line":328,"column":4},"end":{"line":328,"column":46}},"147":{"start":{"line":329,"column":4},"end":{"line":329,"column":74}},"148":{"start":{"line":330,"column":4},"end":{"line":330,"column":18}},"149":{"start":{"line":339,"column":0},"end":{"line":369,"column":3}},"150":{"start":{"line":340,"column":13},"end":{"line":340,"column":26}},"151":{"start":{"line":343,"column":2},"end":{"line":368,"column":4}},"152":{"start":{"line":347,"column":6},"end":{"line":349,"column":7}},"153":{"start":{"line":348,"column":8},"end":{"line":348,"column":55}},"154":{"start":{"line":352,"column":6},"end":{"line":366,"column":8}},"155":{"start":{"line":356,"column":10},"end":{"line":358,"column":11}},"156":{"start":{"line":357,"column":12},"end":{"line":357,"column":59}},"157":{"start":{"line":360,"column":10},"end":{"line":364,"column":13}},"158":{"start":{"line":362,"column":44},"end":{"line":362,"column":55}},"159":{"start":{"line":372,"column":0},"end":{"line":385,"column":3}},"160":{"start":{"line":373,"column":13},"end":{"line":373,"column":26}},"161":{"start":{"line":375,"column":2},"end":{"line":384,"column":5}},"162":{"start":{"line":376,"column":4},"end":{"line":378,"column":5}},"163":{"start":{"line":377,"column":6},"end":{"line":377,"column":53}},"164":{"start":{"line":380,"column":4},"end":{"line":383,"column":7}},"165":{"start":{"line":391,"column":2},"end":{"line":400,"column":3}},"166":{"start":{"line":392,"column":4},"end":{"line":392,"column":25}},"167":{"start":{"line":393,"column":4},"end":{"line":395,"column":7}},"168":{"start":{"line":394,"column":6},"end":{"line":394,"column":53}},"169":{"start":{"line":396,"column":4},"end":{"line":396,"column":18}},"170":{"start":{"line":398,"column":4},"end":{"line":398,"column":59}},"171":{"start":{"line":399,"column":4},"end":{"line":399,"column":14}},"172":{"start":{"line":404,"column":0},"end":{"line":404,"column":38}},"173":{"start":{"line":407,"column":0},"end":{"line":409,"column":1}},"174":{"start":{"line":408,"column":2},"end":{"line":408,"column":16}}},"fnMap":{"0":{"name":"requireAdmin","decl":{"start":{"line":33,"column":9},"end":{"line":33,"column":21}},"loc":{"start":{"line":33,"column":38},"end":{"line":39,"column":1}},"line":33},"1":{"name":"(anonymous_1)","decl":{"start":{"line":46,"column":19},"end":{"line":46,"column":20}},"loc":{"start":{"line":46,"column":33},"end":{"line":76,"column":1}},"line":46},"2":{"name":"(anonymous_2)","decl":{"start":{"line":50,"column":63},"end":{"line":50,"column":64}},"loc":{"start":{"line":50,"column":78},"end":{"line":75,"column":3}},"line":50},"3":{"name":"(anonymous_3)","decl":{"start":{"line":64,"column":8},"end":{"line":64,"column":9}},"loc":{"start":{"line":64,"column":22},"end":{"line":72,"column":9}},"line":64},"4":{"name":"(anonymous_4)","decl":{"start":{"line":79,"column":19},"end":{"line":79,"column":20}},"loc":{"start":{"line":79,"column":33},"end":{"line":82,"column":1}},"line":79},"5":{"name":"(anonymous_5)","decl":{"start":{"line":89,"column":37},"end":{"line":89,"column":38}},"loc":{"start":{"line":89,"column":51},"end":{"line":121,"column":1}},"line":89},"6":{"name":"(anonymous_6)","decl":{"start":{"line":104,"column":4},"end":{"line":104,"column":5}},"loc":{"start":{"line":104,"column":18},"end":{"line":119,"column":5}},"line":104},"7":{"name":"(anonymous_7)","decl":{"start":{"line":110,"column":63},"end":{"line":110,"column":64}},"loc":{"start":{"line":110,"column":77},"end":{"line":118,"column":7}},"line":110},"8":{"name":"(anonymous_8)","decl":{"start":{"line":124,"column":40},"end":{"line":124,"column":41}},"loc":{"start":{"line":124,"column":54},"end":{"line":179,"column":1}},"line":124},"9":{"name":"(anonymous_9)","decl":{"start":{"line":159,"column":24},"end":{"line":159,"column":25}},"loc":{"start":{"line":159,"column":38},"end":{"line":178,"column":3}},"line":159},"10":{"name":"(anonymous_10)","decl":{"start":{"line":169,"column":52},"end":{"line":169,"column":53}},"loc":{"start":{"line":169,"column":66},"end":{"line":177,"column":5}},"line":169},"11":{"name":"(anonymous_11)","decl":{"start":{"line":182,"column":43},"end":{"line":182,"column":44}},"loc":{"start":{"line":182,"column":57},"end":{"line":197,"column":1}},"line":182},"12":{"name":"(anonymous_12)","decl":{"start":{"line":186,"column":48},"end":{"line":186,"column":49}},"loc":{"start":{"line":186,"column":62},"end":{"line":196,"column":3}},"line":186},"13":{"name":"(anonymous_13)","decl":{"start":{"line":204,"column":17},"end":{"line":204,"column":18}},"loc":{"start":{"line":204,"column":31},"end":{"line":237,"column":1}},"line":204},"14":{"name":"(anonymous_14)","decl":{"start":{"line":231,"column":24},"end":{"line":231,"column":25}},"loc":{"start":{"line":231,"column":39},"end":{"line":236,"column":3}},"line":231},"15":{"name":"(anonymous_15)","decl":{"start":{"line":240,"column":20},"end":{"line":240,"column":21}},"loc":{"start":{"line":240,"column":34},"end":{"line":255,"column":1}},"line":240},"16":{"name":"(anonymous_16)","decl":{"start":{"line":244,"column":50},"end":{"line":244,"column":51}},"loc":{"start":{"line":244,"column":64},"end":{"line":254,"column":3}},"line":244},"17":{"name":"(anonymous_17)","decl":{"start":{"line":258,"column":31},"end":{"line":258,"column":32}},"loc":{"start":{"line":258,"column":45},"end":{"line":291,"column":1}},"line":258},"18":{"name":"(anonymous_18)","decl":{"start":{"line":266,"column":4},"end":{"line":266,"column":5}},"loc":{"start":{"line":266,"column":18},"end":{"line":289,"column":5}},"line":266},"19":{"name":"(anonymous_19)","decl":{"start":{"line":276,"column":54},"end":{"line":276,"column":55}},"loc":{"start":{"line":276,"column":68},"end":{"line":288,"column":7}},"line":276},"20":{"name":"(anonymous_20)","decl":{"start":{"line":294,"column":25},"end":{"line":294,"column":26}},"loc":{"start":{"line":294,"column":39},"end":{"line":307,"column":1}},"line":294},"21":{"name":"(anonymous_21)","decl":{"start":{"line":300,"column":4},"end":{"line":300,"column":5}},"loc":{"start":{"line":300,"column":19},"end":{"line":305,"column":5}},"line":300},"22":{"name":"(anonymous_22)","decl":{"start":{"line":314,"column":43},"end":{"line":314,"column":44}},"loc":{"start":{"line":314,"column":57},"end":{"line":332,"column":1}},"line":314},"23":{"name":"(anonymous_23)","decl":{"start":{"line":317,"column":51},"end":{"line":317,"column":52}},"loc":{"start":{"line":317,"column":66},"end":{"line":331,"column":3}},"line":317},"24":{"name":"(anonymous_24)","decl":{"start":{"line":339,"column":13},"end":{"line":339,"column":14}},"loc":{"start":{"line":339,"column":27},"end":{"line":369,"column":1}},"line":339},"25":{"name":"(anonymous_25)","decl":{"start":{"line":346,"column":4},"end":{"line":346,"column":5}},"loc":{"start":{"line":346,"column":19},"end":{"line":367,"column":5}},"line":346},"26":{"name":"(anonymous_26)","decl":{"start":{"line":355,"column":8},"end":{"line":355,"column":9}},"loc":{"start":{"line":355,"column":29},"end":{"line":365,"column":9}},"line":355},"27":{"name":"(anonymous_27)","decl":{"start":{"line":362,"column":39},"end":{"line":362,"column":40}},"loc":{"start":{"line":362,"column":44},"end":{"line":362,"column":55}},"line":362},"28":{"name":"(anonymous_28)","decl":{"start":{"line":372,"column":32},"end":{"line":372,"column":33}},"loc":{"start":{"line":372,"column":46},"end":{"line":385,"column":1}},"line":372},"29":{"name":"(anonymous_29)","decl":{"start":{"line":375,"column":61},"end":{"line":375,"column":62}},"loc":{"start":{"line":375,"column":76},"end":{"line":384,"column":3}},"line":375},"30":{"name":"startServer","decl":{"start":{"line":390,"column":15},"end":{"line":390,"column":26}},"loc":{"start":{"line":390,"column":40},"end":{"line":401,"column":1}},"line":390},"31":{"name":"(anonymous_31)","decl":{"start":{"line":393,"column":30},"end":{"line":393,"column":31}},"loc":{"start":{"line":393,"column":36},"end":{"line":395,"column":5}},"line":393}},"branchMap":{"0":{"loc":{"start":{"line":34,"column":2},"end":{"line":38,"column":3}},"type":"if","locations":[{"start":{"line":34,"column":2},"end":{"line":38,"column":3}},{"start":{"line":36,"column":9},"end":{"line":38,"column":3}}],"line":34},"1":{"loc":{"start":{"line":34,"column":6},"end":{"line":34,"column":50}},"type":"binary-expr","locations":[{"start":{"line":34,"column":6},"end":{"line":34,"column":17}},{"start":{"line":34,"column":21},"end":{"line":34,"column":50}}],"line":34},"2":{"loc":{"start":{"line":51,"column":4},"end":{"line":53,"column":5}},"type":"if","locations":[{"start":{"line":51,"column":4},"end":{"line":53,"column":5}},{"start":{},"end":{}}],"line":51},"3":{"loc":{"start":{"line":55,"column":4},"end":{"line":74,"column":5}},"type":"if","locations":[{"start":{"line":55,"column":4},"end":{"line":74,"column":5}},{"start":{"line":60,"column":11},"end":{"line":74,"column":5}}],"line":55},"4":{"loc":{"start":{"line":65,"column":10},"end":{"line":67,"column":11}},"type":"if","locations":[{"start":{"line":65,"column":10},"end":{"line":67,"column":11}},{"start":{},"end":{}}],"line":65},"5":{"loc":{"start":{"line":94,"column":2},"end":{"line":96,"column":3}},"type":"if","locations":[{"start":{"line":94,"column":2},"end":{"line":96,"column":3}},{"start":{},"end":{}}],"line":94},"6":{"loc":{"start":{"line":94,"column":6},"end":{"line":94,"column":37}},"type":"binary-expr","locations":[{"start":{"line":94,"column":6},"end":{"line":94,"column":12}},{"start":{"line":94,"column":16},"end":{"line":94,"column":26}},{"start":{"line":94,"column":30},"end":{"line":94,"column":37}}],"line":94},"7":{"loc":{"start":{"line":99,"column":21},"end":{"line":99,"column":31}},"type":"binary-expr","locations":[{"start":{"line":99,"column":21},"end":{"line":99,"column":25}},{"start":{"line":99,"column":29},"end":{"line":99,"column":31}}],"line":99},"8":{"loc":{"start":{"line":105,"column":6},"end":{"line":107,"column":7}},"type":"if","locations":[{"start":{"line":105,"column":6},"end":{"line":107,"column":7}},{"start":{},"end":{}}],"line":105},"9":{"loc":{"start":{"line":111,"column":8},"end":{"line":113,"column":9}},"type":"if","locations":[{"start":{"line":111,"column":8},"end":{"line":113,"column":9}},{"start":{},"end":{}}],"line":111},"10":{"loc":{"start":{"line":133,"column":2},"end":{"line":136,"column":3}},"type":"if","locations":[{"start":{"line":133,"column":2},"end":{"line":136,"column":3}},{"start":{},"end":{}}],"line":133},"11":{"loc":{"start":{"line":137,"column":2},"end":{"line":140,"column":3}},"type":"if","locations":[{"start":{"line":137,"column":2},"end":{"line":140,"column":3}},{"start":{},"end":{}}],"line":137},"12":{"loc":{"start":{"line":141,"column":2},"end":{"line":144,"column":3}},"type":"if","locations":[{"start":{"line":141,"column":2},"end":{"line":144,"column":3}},{"start":{},"end":{}}],"line":141},"13":{"loc":{"start":{"line":145,"column":2},"end":{"line":148,"column":3}},"type":"if","locations":[{"start":{"line":145,"column":2},"end":{"line":148,"column":3}},{"start":{},"end":{}}],"line":145},"14":{"loc":{"start":{"line":150,"column":2},"end":{"line":152,"column":3}},"type":"if","locations":[{"start":{"line":150,"column":2},"end":{"line":152,"column":3}},{"start":{},"end":{}}],"line":150},"15":{"loc":{"start":{"line":160,"column":4},"end":{"line":162,"column":5}},"type":"if","locations":[{"start":{"line":160,"column":4},"end":{"line":162,"column":5}},{"start":{},"end":{}}],"line":160},"16":{"loc":{"start":{"line":164,"column":4},"end":{"line":166,"column":5}},"type":"if","locations":[{"start":{"line":164,"column":4},"end":{"line":166,"column":5}},{"start":{},"end":{}}],"line":164},"17":{"loc":{"start":{"line":170,"column":6},"end":{"line":172,"column":7}},"type":"if","locations":[{"start":{"line":170,"column":6},"end":{"line":172,"column":7}},{"start":{},"end":{}}],"line":170},"18":{"loc":{"start":{"line":187,"column":4},"end":{"line":189,"column":5}},"type":"if","locations":[{"start":{"line":187,"column":4},"end":{"line":189,"column":5}},{"start":{},"end":{}}],"line":187},"19":{"loc":{"start":{"line":191,"column":4},"end":{"line":193,"column":5}},"type":"if","locations":[{"start":{"line":191,"column":4},"end":{"line":193,"column":5}},{"start":{},"end":{}}],"line":191},"20":{"loc":{"start":{"line":213,"column":2},"end":{"line":216,"column":3}},"type":"if","locations":[{"start":{"line":213,"column":2},"end":{"line":216,"column":3}},{"start":{},"end":{}}],"line":213},"21":{"loc":{"start":{"line":219,"column":2},"end":{"line":223,"column":3}},"type":"if","locations":[{"start":{"line":219,"column":2},"end":{"line":223,"column":3}},{"start":{},"end":{}}],"line":219},"22":{"loc":{"start":{"line":225,"column":2},"end":{"line":227,"column":3}},"type":"if","locations":[{"start":{"line":225,"column":2},"end":{"line":227,"column":3}},{"start":{},"end":{}}],"line":225},"23":{"loc":{"start":{"line":232,"column":4},"end":{"line":234,"column":5}},"type":"if","locations":[{"start":{"line":232,"column":4},"end":{"line":234,"column":5}},{"start":{},"end":{}}],"line":232},"24":{"loc":{"start":{"line":245,"column":4},"end":{"line":247,"column":5}},"type":"if","locations":[{"start":{"line":245,"column":4},"end":{"line":247,"column":5}},{"start":{},"end":{}}],"line":245},"25":{"loc":{"start":{"line":249,"column":4},"end":{"line":251,"column":5}},"type":"if","locations":[{"start":{"line":249,"column":4},"end":{"line":251,"column":5}},{"start":{},"end":{}}],"line":249},"26":{"loc":{"start":{"line":267,"column":6},"end":{"line":269,"column":7}},"type":"if","locations":[{"start":{"line":267,"column":6},"end":{"line":269,"column":7}},{"start":{},"end":{}}],"line":267},"27":{"loc":{"start":{"line":271,"column":6},"end":{"line":273,"column":7}},"type":"if","locations":[{"start":{"line":271,"column":6},"end":{"line":273,"column":7}},{"start":{},"end":{}}],"line":271},"28":{"loc":{"start":{"line":277,"column":8},"end":{"line":279,"column":9}},"type":"if","locations":[{"start":{"line":277,"column":8},"end":{"line":279,"column":9}},{"start":{},"end":{}}],"line":277},"29":{"loc":{"start":{"line":282,"column":42},"end":{"line":282,"column":65}},"type":"cond-expr","locations":[{"start":{"line":282,"column":57},"end":{"line":282,"column":60}},{"start":{"line":282,"column":63},"end":{"line":282,"column":65}}],"line":282},"30":{"loc":{"start":{"line":282,"column":73},"end":{"line":282,"column":97}},"type":"cond-expr","locations":[{"start":{"line":282,"column":88},"end":{"line":282,"column":90}},{"start":{"line":282,"column":93},"end":{"line":282,"column":97}}],"line":282},"31":{"loc":{"start":{"line":301,"column":6},"end":{"line":303,"column":7}},"type":"if","locations":[{"start":{"line":301,"column":6},"end":{"line":303,"column":7}},{"start":{},"end":{}}],"line":301},"32":{"loc":{"start":{"line":318,"column":4},"end":{"line":320,"column":5}},"type":"if","locations":[{"start":{"line":318,"column":4},"end":{"line":320,"column":5}},{"start":{},"end":{}}],"line":318},"33":{"loc":{"start":{"line":347,"column":6},"end":{"line":349,"column":7}},"type":"if","locations":[{"start":{"line":347,"column":6},"end":{"line":349,"column":7}},{"start":{},"end":{}}],"line":347},"34":{"loc":{"start":{"line":356,"column":10},"end":{"line":358,"column":11}},"type":"if","locations":[{"start":{"line":356,"column":10},"end":{"line":358,"column":11}},{"start":{},"end":{}}],"line":356},"35":{"loc":{"start":{"line":376,"column":4},"end":{"line":378,"column":5}},"type":"if","locations":[{"start":{"line":376,"column":4},"end":{"line":378,"column":5}},{"start":{},"end":{}}],"line":376},"36":{"loc":{"start":{"line":390,"column":27},"end":{"line":390,"column":38}},"type":"default-arg","locations":[{"start":{"line":390,"column":34},"end":{"line":390,"column":38}}],"line":390},"37":{"loc":{"start":{"line":407,"column":0},"end":{"line":409,"column":1}},"type":"if","locations":[{"start":{"line":407,"column":0},"end":{"line":409,"column":1}},{"start":{},"end":{}}],"line":407}},"s":{"0":2,"1":2,"2":2,"3":2,"4":2,"5":2,"6":2,"7":2,"8":2,"9":2,"10":2,"11":2,"12":2,"13":60,"14":55,"15":5,"16":2,"17":36,"18":36,"19":36,"20":36,"21":0,"22":36,"23":35,"24":35,"25":35,"26":35,"27":1,"28":1,"29":0,"30":1,"31":1,"32":1,"33":1,"34":2,"35":1,"36":1,"37":2,"38":41,"39":41,"40":41,"41":4,"42":37,"43":37,"44":37,"45":0,"46":37,"47":37,"48":0,"49":37,"50":2,"51":7,"52":7,"53":7,"54":7,"55":7,"56":7,"57":2,"58":2,"59":7,"60":2,"61":2,"62":7,"63":3,"64":3,"65":7,"66":2,"67":2,"68":7,"69":1,"70":6,"71":6,"72":6,"73":6,"74":6,"75":0,"76":6,"77":1,"78":5,"79":5,"80":0,"81":5,"82":2,"83":2,"84":2,"85":2,"86":2,"87":0,"88":2,"89":1,"90":1,"91":2,"92":9,"93":9,"94":9,"95":9,"96":9,"97":9,"98":2,"99":2,"100":9,"101":7,"102":7,"103":7,"104":9,"105":8,"106":9,"107":9,"108":9,"109":0,"110":9,"111":2,"112":4,"113":4,"114":4,"115":4,"116":0,"117":4,"118":2,"119":2,"120":2,"121":8,"122":8,"123":8,"124":8,"125":0,"126":8,"127":1,"128":7,"129":7,"130":0,"131":7,"132":7,"133":7,"134":2,"135":3,"136":3,"137":3,"138":0,"139":3,"140":2,"141":4,"142":4,"143":4,"144":0,"145":4,"146":4,"147":4,"148":4,"149":2,"150":3,"151":3,"152":3,"153":0,"154":3,"155":3,"156":0,"157":3,"158":2,"159":2,"160":1,"161":1,"162":1,"163":0,"164":1,"165":0,"166":0,"167":0,"168":0,"169":0,"170":0,"171":0,"172":2,"173":2,"174":0},"f":{"0":60,"1":36,"2":36,"3":1,"4":1,"5":41,"6":37,"7":37,"8":7,"9":6,"10":5,"11":2,"12":2,"13":9,"14":9,"15":4,"16":4,"17":8,"18":8,"19":7,"20":3,"21":3,"22":4,"23":4,"24":3,"25":3,"26":3,"27":2,"28":1,"29":1,"30":0,"31":0},"b":{"0":[55,5],"1":[60,60],"2":[0,36],"3":[35,1],"4":[0,1],"5":[4,37],"6":[41,40,38],"7":[37,32],"8":[0,37],"9":[0,37],"10":[2,5],"11":[2,5],"12":[3,4],"13":[2,5],"14":[1,6],"15":[0,6],"16":[1,5],"17":[0,5],"18":[0,2],"19":[1,1],"20":[2,7],"21":[7,2],"22":[8,1],"23":[0,9],"24":[0,4],"25":[2,2],"26":[0,8],"27":[1,7],"28":[0,7],"29":[3,4],"30":[4,3],"31":[0,3],"32":[0,4],"33":[0,3],"34":[0,3],"35":[0,1],"36":[0],"37":[0,2]},"_coverageSchema":"1a1c01bbd47fc00a2c39e90264f33305004495a9","hash":"e30056a54d4e9fa824c23fe424b3abe931689787"}
,"/Users/kubi/Cursorfiles/DemoApps/faq-tool/src/database.js": {"path":"/Users/kubi/Cursorfiles/DemoApps/faq-tool/src/database.js","statementMap":{"0":{"start":{"line":1,"column":16},"end":{"line":1,"column":44}},"1":{"start":{"line":2,"column":13},"end":{"line":2,"column":28}},"2":{"start":{"line":10,"column":15},"end":{"line":12,"column":45}},"3":{"start":{"line":21,"column":2},"end":{"line":74,"column":5}},"4":{"start":{"line":22,"column":4},"end":{"line":73,"column":7}},"5":{"start":{"line":23,"column":6},"end":{"line":26,"column":7}},"6":{"start":{"line":24,"column":8},"end":{"line":24,"column":20}},"7":{"start":{"line":25,"column":8},"end":{"line":25,"column":15}},"8":{"start":{"line":29,"column":6},"end":{"line":72,"column":9}},"9":{"start":{"line":41,"column":8},"end":{"line":44,"column":9}},"10":{"start":{"line":42,"column":10},"end":{"line":42,"column":22}},"11":{"start":{"line":43,"column":10},"end":{"line":43,"column":17}},"12":{"start":{"line":47,"column":8},"end":{"line":71,"column":11}},"13":{"start":{"line":55,"column":10},"end":{"line":58,"column":11}},"14":{"start":{"line":56,"column":12},"end":{"line":56,"column":24}},"15":{"start":{"line":57,"column":12},"end":{"line":57,"column":19}},"16":{"start":{"line":61,"column":10},"end":{"line":70,"column":13}},"17":{"start":{"line":65,"column":12},"end":{"line":69,"column":13}},"18":{"start":{"line":66,"column":14},"end":{"line":66,"column":26}},"19":{"start":{"line":68,"column":14},"end":{"line":68,"column":26}},"20":{"start":{"line":82,"column":2},"end":{"line":82,"column":12}},"21":{"start":{"line":90,"column":2},"end":{"line":102,"column":5}},"22":{"start":{"line":91,"column":4},"end":{"line":101,"column":5}},"23":{"start":{"line":92,"column":6},"end":{"line":98,"column":9}},"24":{"start":{"line":93,"column":8},"end":{"line":97,"column":9}},"25":{"start":{"line":94,"column":10},"end":{"line":94,"column":22}},"26":{"start":{"line":96,"column":10},"end":{"line":96,"column":20}},"27":{"start":{"line":100,"column":6},"end":{"line":100,"column":16}},"28":{"start":{"line":110,"column":2},"end":{"line":121,"column":5}},"29":{"start":{"line":111,"column":4},"end":{"line":120,"column":7}},"30":{"start":{"line":112,"column":6},"end":{"line":119,"column":7}},"31":{"start":{"line":113,"column":8},"end":{"line":113,"column":20}},"32":{"start":{"line":116,"column":8},"end":{"line":118,"column":11}},"33":{"start":{"line":117,"column":10},"end":{"line":117,"column":20}},"34":{"start":{"line":124,"column":0},"end":{"line":129,"column":2}}},"fnMap":{"0":{"name":"initDatabase","decl":{"start":{"line":20,"column":9},"end":{"line":20,"column":21}},"loc":{"start":{"line":20,"column":24},"end":{"line":75,"column":1}},"line":20},"1":{"name":"(anonymous_1)","decl":{"start":{"line":21,"column":21},"end":{"line":21,"column":22}},"loc":{"start":{"line":21,"column":42},"end":{"line":74,"column":3}},"line":21},"2":{"name":"(anonymous_2)","decl":{"start":{"line":22,"column":38},"end":{"line":22,"column":39}},"loc":{"start":{"line":22,"column":47},"end":{"line":73,"column":5}},"line":22},"3":{"name":"(anonymous_3)","decl":{"start":{"line":40,"column":9},"end":{"line":40,"column":10}},"loc":{"start":{"line":40,"column":18},"end":{"line":72,"column":7}},"line":40},"4":{"name":"(anonymous_4)","decl":{"start":{"line":54,"column":11},"end":{"line":54,"column":12}},"loc":{"start":{"line":54,"column":20},"end":{"line":71,"column":9}},"line":54},"5":{"name":"(anonymous_5)","decl":{"start":{"line":64,"column":13},"end":{"line":64,"column":14}},"loc":{"start":{"line":64,"column":22},"end":{"line":70,"column":11}},"line":64},"6":{"name":"getDatabase","decl":{"start":{"line":81,"column":9},"end":{"line":81,"column":20}},"loc":{"start":{"line":81,"column":23},"end":{"line":83,"column":1}},"line":81},"7":{"name":"closeDatabase","decl":{"start":{"line":89,"column":9},"end":{"line":89,"column":22}},"loc":{"start":{"line":89,"column":25},"end":{"line":103,"column":1}},"line":89},"8":{"name":"(anonymous_8)","decl":{"start":{"line":90,"column":21},"end":{"line":90,"column":22}},"loc":{"start":{"line":90,"column":42},"end":{"line":102,"column":3}},"line":90},"9":{"name":"(anonymous_9)","decl":{"start":{"line":92,"column":15},"end":{"line":92,"column":16}},"loc":{"start":{"line":92,"column":24},"end":{"line":98,"column":7}},"line":92},"10":{"name":"clearDatabase","decl":{"start":{"line":109,"column":9},"end":{"line":109,"column":22}},"loc":{"start":{"line":109,"column":25},"end":{"line":122,"column":1}},"line":109},"11":{"name":"(anonymous_11)","decl":{"start":{"line":110,"column":21},"end":{"line":110,"column":22}},"loc":{"start":{"line":110,"column":42},"end":{"line":121,"column":3}},"line":110},"12":{"name":"(anonymous_12)","decl":{"start":{"line":111,"column":31},"end":{"line":111,"column":32}},"loc":{"start":{"line":111,"column":40},"end":{"line":120,"column":5}},"line":111},"13":{"name":"(anonymous_13)","decl":{"start":{"line":116,"column":64},"end":{"line":116,"column":65}},"loc":{"start":{"line":116,"column":70},"end":{"line":118,"column":9}},"line":116}},"branchMap":{"0":{"loc":{"start":{"line":10,"column":15},"end":{"line":12,"column":45}},"type":"cond-expr","locations":[{"start":{"line":11,"column":4},"end":{"line":11,"column":14}},{"start":{"line":12,"column":4},"end":{"line":12,"column":45}}],"line":10},"1":{"loc":{"start":{"line":23,"column":6},"end":{"line":26,"column":7}},"type":"if","locations":[{"start":{"line":23,"column":6},"end":{"line":26,"column":7}},{"start":{},"end":{}}],"line":23},"2":{"loc":{"start":{"line":41,"column":8},"end":{"line":44,"column":9}},"type":"if","locations":[{"start":{"line":41,"column":8},"end":{"line":44,"column":9}},{"start":{},"end":{}}],"line":41},"3":{"loc":{"start":{"line":55,"column":10},"end":{"line":58,"column":11}},"type":"if","locations":[{"start":{"line":55,"column":10},"end":{"line":58,"column":11}},{"start":{},"end":{}}],"line":55},"4":{"loc":{"start":{"line":65,"column":12},"end":{"line":69,"column":13}},"type":"if","locations":[{"start":{"line":65,"column":12},"end":{"line":69,"column":13}},{"start":{"line":67,"column":19},"end":{"line":69,"column":13}}],"line":65},"5":{"loc":{"start":{"line":91,"column":4},"end":{"line":101,"column":5}},"type":"if","locations":[{"start":{"line":91,"column":4},"end":{"line":101,"column":5}},{"start":{"line":99,"column":11},"end":{"line":101,"column":5}}],"line":91},"6":{"loc":{"start":{"line":93,"column":8},"end":{"line":97,"column":9}},"type":"if","locations":[{"start":{"line":93,"column":8},"end":{"line":97,"column":9}},{"start":{"line":95,"column":15},"end":{"line":97,"column":9}}],"line":93},"7":{"loc":{"start":{"line":112,"column":6},"end":{"line":119,"column":7}},"type":"if","locations":[{"start":{"line":112,"column":6},"end":{"line":119,"column":7}},{"start":{"line":114,"column":13},"end":{"line":119,"column":7}}],"line":112}},"s":{"0":2,"1":2,"2":2,"3":2,"4":2,"5":2,"6":0,"7":0,"8":2,"9":2,"10":0,"11":0,"12":2,"13":2,"14":0,"15":0,"16":2,"17":2,"18":0,"19":2,"20":133,"21":2,"22":2,"23":2,"24":2,"25":0,"26":2,"27":0,"28":46,"29":46,"30":46,"31":0,"32":46,"33":46,"34":2},"f":{"0":2,"1":2,"2":2,"3":2,"4":2,"5":2,"6":133,"7":2,"8":2,"9":2,"10":46,"11":46,"12":46,"13":46},"b":{"0":[2,0],"1":[0,2],"2":[0,2],"3":[0,2],"4":[0,2],"5":[2,0],"6":[0,2],"7":[0,46]},"_coverageSchema":"1a1c01bbd47fc00a2c39e90264f33305004495a9","hash":"d1ea970ab0ac78cb451318f82b19f10d64ebbc3b"}
}
