TN:
SF:src/app.js
FN:33,requireAdmin
FN:46,(anonymous_1)
FN:50,(anonymous_2)
FN:64,(anonymous_3)
FN:79,(anonymous_4)
FN:89,(anonymous_5)
FN:104,(anonymous_6)
FN:110,(anonymous_7)
FN:124,(anonymous_8)
FN:159,(anonymous_9)
FN:169,(anonymous_10)
FN:182,(anonymous_11)
FN:186,(anonymous_12)
FN:204,(anonymous_13)
FN:231,(anonymous_14)
FN:240,(anonymous_15)
FN:244,(anonymous_16)
FN:258,(anonymous_17)
FN:266,(anonymous_18)
FN:276,(anonymous_19)
FN:294,(anonymous_20)
FN:300,(anonymous_21)
FN:314,(anonymous_22)
FN:317,(anonymous_23)
FN:339,(anonymous_24)
FN:346,(anonymous_25)
FN:355,(anonymous_26)
FN:362,(anonymous_27)
FN:372,(anonymous_28)
FN:375,(anonymous_29)
FN:390,startServer
FN:393,(anonymous_31)
FNF:32
FNH:30
FNDA:60,requireAdmin
FNDA:36,(anonymous_1)
FNDA:36,(anonymous_2)
FNDA:1,(anonymous_3)
FNDA:1,(anonymous_4)
FNDA:41,(anonymous_5)
FNDA:37,(anonymous_6)
FNDA:37,(anonymous_7)
FNDA:7,(anonymous_8)
FNDA:6,(anonymous_9)
FNDA:5,(anonymous_10)
FNDA:2,(anonymous_11)
FNDA:2,(anonymous_12)
FNDA:9,(anonymous_13)
FNDA:9,(anonymous_14)
FNDA:4,(anonymous_15)
FNDA:4,(anonymous_16)
FNDA:8,(anonymous_17)
FNDA:8,(anonymous_18)
FNDA:7,(anonymous_19)
FNDA:3,(anonymous_20)
FNDA:3,(anonymous_21)
FNDA:4,(anonymous_22)
FNDA:4,(anonymous_23)
FNDA:3,(anonymous_24)
FNDA:3,(anonymous_25)
FNDA:3,(anonymous_26)
FNDA:2,(anonymous_27)
FNDA:1,(anonymous_28)
FNDA:1,(anonymous_29)
FNDA:0,startServer
FNDA:0,(anonymous_31)
DA:1,2
DA:2,2
DA:3,2
DA:4,2
DA:5,2
DA:6,2
DA:8,2
DA:14,2
DA:15,2
DA:16,2
DA:24,2
DA:25,2
DA:28,2
DA:34,60
DA:35,55
DA:37,5
DA:46,2
DA:47,36
DA:48,36
DA:50,36
DA:51,36
DA:52,0
DA:55,36
DA:56,35
DA:57,35
DA:58,35
DA:59,35
DA:62,1
DA:65,1
DA:66,0
DA:68,1
DA:69,1
DA:70,1
DA:71,1
DA:79,2
DA:80,1
DA:81,1
DA:89,2
DA:90,41
DA:91,41
DA:94,41
DA:95,4
DA:99,37
DA:101,37
DA:105,37
DA:106,0
DA:110,37
DA:111,37
DA:112,0
DA:114,37
DA:124,2
DA:125,7
DA:126,7
DA:127,7
DA:130,7
DA:131,7
DA:133,7
DA:134,2
DA:135,2
DA:137,7
DA:138,2
DA:139,2
DA:141,7
DA:142,3
DA:143,3
DA:145,7
DA:146,2
DA:147,2
DA:150,7
DA:151,1
DA:154,6
DA:155,6
DA:157,6
DA:159,6
DA:160,6
DA:161,0
DA:164,6
DA:165,1
DA:169,5
DA:170,5
DA:171,0
DA:173,5
DA:182,2
DA:183,2
DA:184,2
DA:186,2
DA:187,2
DA:188,0
DA:191,2
DA:192,1
DA:195,1
DA:204,2
DA:205,9
DA:206,9
DA:208,9
DA:209,9
DA:210,9
DA:213,9
DA:214,2
DA:215,2
DA:219,9
DA:220,7
DA:221,7
DA:222,7
DA:225,9
DA:226,8
DA:229,9
DA:231,9
DA:232,9
DA:233,0
DA:235,9
DA:240,2
DA:241,4
DA:242,4
DA:244,4
DA:245,4
DA:246,0
DA:249,4
DA:250,2
DA:253,2
DA:258,2
DA:259,8
DA:260,8
DA:263,8
DA:267,8
DA:268,0
DA:271,8
DA:272,1
DA:276,7
DA:277,7
DA:278,0
DA:281,7
DA:282,7
DA:284,7
DA:294,2
DA:295,3
DA:297,3
DA:301,3
DA:302,0
DA:304,3
DA:314,2
DA:315,4
DA:317,4
DA:318,4
DA:319,0
DA:323,4
DA:328,4
DA:329,4
DA:330,4
DA:339,2
DA:340,3
DA:343,3
DA:347,3
DA:348,0
DA:352,3
DA:356,3
DA:357,0
DA:360,3
DA:362,2
DA:372,2
DA:373,1
DA:375,1
DA:376,1
DA:377,0
DA:380,1
DA:391,0
DA:392,0
DA:393,0
DA:394,0
DA:396,0
DA:398,0
DA:399,0
DA:404,2
DA:407,2
DA:408,0
LF:175
LH:151
BRDA:34,0,0,55
BRDA:34,0,1,5
BRDA:34,1,0,60
BRDA:34,1,1,60
BRDA:51,2,0,0
BRDA:51,2,1,36
BRDA:55,3,0,35
BRDA:55,3,1,1
BRDA:65,4,0,0
BRDA:65,4,1,1
BRDA:94,5,0,4
BRDA:94,5,1,37
BRDA:94,6,0,41
BRDA:94,6,1,40
BRDA:94,6,2,38
BRDA:99,7,0,37
BRDA:99,7,1,32
BRDA:105,8,0,0
BRDA:105,8,1,37
BRDA:111,9,0,0
BRDA:111,9,1,37
BRDA:133,10,0,2
BRDA:133,10,1,5
BRDA:137,11,0,2
BRDA:137,11,1,5
BRDA:141,12,0,3
BRDA:141,12,1,4
BRDA:145,13,0,2
BRDA:145,13,1,5
BRDA:150,14,0,1
BRDA:150,14,1,6
BRDA:160,15,0,0
BRDA:160,15,1,6
BRDA:164,16,0,1
BRDA:164,16,1,5
BRDA:170,17,0,0
BRDA:170,17,1,5
BRDA:187,18,0,0
BRDA:187,18,1,2
BRDA:191,19,0,1
BRDA:191,19,1,1
BRDA:213,20,0,2
BRDA:213,20,1,7
BRDA:219,21,0,7
BRDA:219,21,1,2
BRDA:225,22,0,8
BRDA:225,22,1,1
BRDA:232,23,0,0
BRDA:232,23,1,9
BRDA:245,24,0,0
BRDA:245,24,1,4
BRDA:249,25,0,2
BRDA:249,25,1,2
BRDA:267,26,0,0
BRDA:267,26,1,8
BRDA:271,27,0,1
BRDA:271,27,1,7
BRDA:277,28,0,0
BRDA:277,28,1,7
BRDA:282,29,0,3
BRDA:282,29,1,4
BRDA:282,30,0,4
BRDA:282,30,1,3
BRDA:301,31,0,0
BRDA:301,31,1,3
BRDA:318,32,0,0
BRDA:318,32,1,4
BRDA:347,33,0,0
BRDA:347,33,1,3
BRDA:356,34,0,0
BRDA:356,34,1,3
BRDA:376,35,0,0
BRDA:376,35,1,1
BRDA:390,36,0,0
BRDA:407,37,0,0
BRDA:407,37,1,2
BRF:76
BRH:58
end_of_record
TN:
SF:src/database.js
FN:20,initDatabase
FN:21,(anonymous_1)
FN:22,(anonymous_2)
FN:40,(anonymous_3)
FN:54,(anonymous_4)
FN:64,(anonymous_5)
FN:81,getDatabase
FN:89,closeDatabase
FN:90,(anonymous_8)
FN:92,(anonymous_9)
FN:109,clearDatabase
FN:110,(anonymous_11)
FN:111,(anonymous_12)
FN:116,(anonymous_13)
FNF:14
FNH:14
FNDA:2,initDatabase
FNDA:2,(anonymous_1)
FNDA:2,(anonymous_2)
FNDA:2,(anonymous_3)
FNDA:2,(anonymous_4)
FNDA:2,(anonymous_5)
FNDA:133,getDatabase
FNDA:2,closeDatabase
FNDA:2,(anonymous_8)
FNDA:2,(anonymous_9)
FNDA:46,clearDatabase
FNDA:46,(anonymous_11)
FNDA:46,(anonymous_12)
FNDA:46,(anonymous_13)
DA:1,2
DA:2,2
DA:10,2
DA:21,2
DA:22,2
DA:23,2
DA:24,0
DA:25,0
DA:29,2
DA:41,2
DA:42,0
DA:43,0
DA:47,2
DA:55,2
DA:56,0
DA:57,0
DA:61,2
DA:65,2
DA:66,0
DA:68,2
DA:82,133
DA:90,2
DA:91,2
DA:92,2
DA:93,2
DA:94,0
DA:96,2
DA:100,0
DA:110,46
DA:111,46
DA:112,46
DA:113,0
DA:116,46
DA:117,46
DA:124,2
LF:35
LH:25
BRDA:10,0,0,2
BRDA:10,0,1,0
BRDA:23,1,0,0
BRDA:23,1,1,2
BRDA:41,2,0,0
BRDA:41,2,1,2
BRDA:55,3,0,0
BRDA:55,3,1,2
BRDA:65,4,0,0
BRDA:65,4,1,2
BRDA:91,5,0,2
BRDA:91,5,1,0
BRDA:93,6,0,0
BRDA:93,6,1,2
BRDA:112,7,0,0
BRDA:112,7,1,46
BRF:16
BRH:8
end_of_record
